\BOOKMARK [1][-]{section.1}{\376\377\000I\000n\000t\000r\000o\000d\000u\000c\000t\000i\000o\000n}{}% 1
\BOOKMARK [1][-]{section.2}{\376\377\000A\000n\000a\000l\000y\000s\000e\000\040\000e\000x\000p\000l\000o\000r\000a\000t\000o\000i\000r\000e}{}% 2
\BOOKMARK [2][-]{subsection.2.1}{\376\377\000A\000n\000a\000l\000y\000s\000e\000\040\000u\000n\000i\000v\000a\000r\000i\000\351\000e}{section.2}% 3
\BOOKMARK [2][-]{subsection.2.2}{\376\377\000A\000n\000a\000l\000y\000s\000e\000\040\000b\000i\000v\000a\000r\000i\000\351\000e}{section.2}% 4
\BOOKMARK [2][-]{subsection.2.3}{\376\377\000A\000n\000a\000l\000y\000s\000e\000\040\000e\000x\000p\000l\000o\000r\000a\000t\000i\000o\000n\000\040\000m\000u\000l\000t\000i\000d\000i\000m\000e\000n\000s\000i\000o\000n\000n\000e\000l\000l\000e}{section.2}% 5
\BOOKMARK [3][-]{subsubsection.2.3.1}{\376\377\000A\000n\000a\000l\000y\000s\000e\000\040\000e\000n\000\040\000c\000o\000m\000p\000o\000s\000a\000n\000t\000e\000\040\000p\000r\000i\000n\000c\000i\000p\000a\000l\000e\000\050\000A\000C\000P\000\051}{subsection.2.3}% 6
\BOOKMARK [3][-]{subsubsection.2.3.2}{\376\377\000A\000n\000a\000l\000y\000s\000e\000\040\000d\000e\000s\000\040\000c\000o\000r\000r\000e\000s\000p\000o\000n\000d\000a\000n\000c\000e\000s\000\040\000m\000u\000l\000t\000i\000p\000l\000e\000s\000\050\000A\000C\000M\000\051}{subsection.2.3}% 7
\BOOKMARK [3][-]{subsubsection.2.3.3}{\376\377\000A\000n\000a\000l\000y\000s\000e\000\040\000f\000a\000c\000t\000o\000r\000i\000e\000l\000l\000e\000\040\000m\000u\000l\000t\000i\000p\000l\000e\000\050\000A\000F\000M\000\051}{subsection.2.3}% 8
\BOOKMARK [3][-]{subsubsection.2.3.4}{\376\377\000A\000F\000M\000\040\000s\000u\000r\000\040\000l\000'\000e\000n\000s\000e\000m\000b\000l\000e\000\040\000d\000e\000s\000\040\000v\000a\000r\000i\000a\000b\000l\000e\000s\000\040\000d\000u\000\040\000j\000e\000u\000\040\000d\000e\000\040\000d\000o\000n\000n\000\351\000e\000s}{subsection.2.3}% 9
\BOOKMARK [3][-]{subsubsection.2.3.5}{\376\377\000C\000l\000a\000s\000s\000i\000f\000i\000c\000a\000t\000i\000o\000n\000\040\000d\000e\000s\000\040\000i\000n\000d\000i\000v\000i\000d\000u\000s}{subsection.2.3}% 10
\BOOKMARK [3][-]{subsubsection.2.3.6}{\376\377\000C\000l\000a\000s\000s\000i\000f\000i\000c\000a\000t\000i\000o\000n\000\040\000d\000e\000s\000\040\000v\000a\000r\000i\000a\000b\000l\000e\000s}{subsection.2.3}% 11
\BOOKMARK [1][-]{section.3}{\376\377\000M\000o\000d\000\351\000l\000i\000s\000a\000t\000i\000o\000n\000\040\000e\000t\000\040\000p\000r\000\351\000d\000i\000c\000t\000i\000o\000n\000\040\000d\000u\000\040\000F\000o\000r\000m\000a\000l\000d\000\351\000h\000y\000d\000e}{}% 12
\BOOKMARK [2][-]{subsection.3.1}{\376\377\000T\000r\000a\000i\000t\000e\000m\000e\000n\000t\000\040\000d\000e\000s\000\040\000d\000o\000n\000n\000\351\000e\000s\000\040\000m\000a\000n\000q\000u\000a\000n\000t\000e\000s}{section.3}% 13
\BOOKMARK [2][-]{subsection.3.2}{\376\377\000M\000o\000d\000\351\000l\000i\000s\000a\000t\000i\000o\000n}{section.3}% 14
\BOOKMARK [3][-]{subsubsection.3.2.1}{\376\377\000R\000a\000n\000d\000o\000m\000\040\000F\000o\000r\000e\000s\000t}{subsection.3.2}% 15
\BOOKMARK [3][-]{subsubsection.3.2.2}{\376\377\000F\000u\000z\000z\000y\000\040\000f\000o\000r\000e\000s\000t\000\040\000s\000u\000r\000\040\000l\000e\000s\000\040\000b\000l\000o\000c\000s\000\040\000i\000n\000i\000t\000i\000a\000u\000x}{subsection.3.2}% 16
\BOOKMARK [3][-]{subsubsection.3.2.3}{\376\377\000F\000u\000z\000z\000y\000\040\000f\000o\000r\000e\000s\000t\000\040\000s\000u\000r\000\040\000s\000u\000r\000\040\000l\000e\000s\000\040\000g\000r\000o\000u\000p\000e\000s\000\040\000i\000s\000s\000u\000e\000s\000\040\000d\000e\000\040\000C\000l\000u\000s\000t\000e\000r\000O\000f\000v\000a\000r}{subsection.3.2}% 17
\BOOKMARK [3][-]{subsubsection.3.2.4}{\376\377\000C\000o\000m\000p\000a\000r\000a\000i\000s\000o\000n\000\040\000e\000t\000\040\000s\000e\000l\000e\000c\000t\000i\000o\000n\000\040\000d\000e\000\040\000m\000o\000d\000\350\000l\000e}{subsection.3.2}% 18
\BOOKMARK [1][-]{section.4}{\376\377\000C\000o\000n\000c\000l\000u\000s\000i\000o\000n}{}% 19
\BOOKMARK [2][-]{subsubsection.4.0.1}{\376\377\000A\000C\000P\000\040\000s\000u\000r\000\040\000l\000e\000s\000\040\000v\000a\000r\000i\000a\000b\000l\000e\000s\000\040\000q\000u\000a\000n\000t\000i\000t\000a\000t\000i\000v\000e\000s\000\040\000d\000u\000\040\000b\000l\000o\000c\000\040\000m\000\351\000n\000a\000g\000e}{section.4}% 20
\BOOKMARK [3][-]{subsubsection.4.0.2}{\376\377\000A\000C\000M\000\040\000s\000u\000r\000\040\000l\000e\000s\000\040\000v\000a\000r\000i\000a\000b\000l\000e\000s\000\040\000q\000u\000a\000l\000i\000t\000a\000t\000i\000v\000e\000s\000\040\000d\000u\000\040\000b\000l\000o\000c\000\040\000m\000\351\000n\000a\000g\000e}{subsubsection.4.0.1}% 21
\BOOKMARK [3][-]{subsubsection.4.0.3}{\376\377\000A\000F\000M\000\040\000s\000u\000r\000\040\000l\000e\000s\000\040\000v\000a\000r\000i\000a\000b\000l\000e\000\040\000d\000u\000\040\000b\000l\000o\000c\000\040\000m\000\351\000n\000a\000g\000e}{subsubsection.4.0.1}% 22
\BOOKMARK [3][-]{subsubsection.4.0.4}{\376\377\000A\000C\000P\000\040\000s\000u\000r\000\040\000l\000e\000s\000\040\000v\000a\000r\000i\000a\000b\000l\000e\000s\000\040\000q\000u\000a\000n\000t\000i\000t\000a\000t\000i\000v\000e\000s\000\040\000d\000u\000\040\000b\000l\000o\000c\000\040\000m\000\351\000n\000a\000g\000e}{subsubsection.4.0.1}% 23
\BOOKMARK [3][-]{subsubsection.4.0.5}{\376\377\000A\000C\000M\000\040\000s\000u\000r\000\040\000l\000e\000s\000\040\000v\000a\000r\000i\000a\000b\000l\000e\000s\000\040\000q\000u\000a\000l\000i\000t\000a\000t\000i\000v\000e\000s\000\040\000d\000u\000\040\000b\000l\000o\000c\000\040\000m\000\351\000n\000a\000g\000e}{subsubsection.4.0.1}% 24
\BOOKMARK [3][-]{subsubsection.4.0.6}{\376\377\000A\000F\000M\000\040\000s\000u\000r\000\040\000l\000e\000s\000\040\000v\000a\000r\000i\000a\000b\000l\000e\000\040\000d\000u\000\040\000b\000l\000o\000c\000\040\000m\000\351\000n\000a\000g\000e}{subsubsection.4.0.1}% 25
\BOOKMARK [3][-]{subsubsection.4.0.7}{\376\377\000A\000C\000P\000\040\000s\000u\000r\000\040\000l\000e\000s\000\040\000v\000a\000r\000i\000a\000b\000l\000e\000s\000\040\000q\000u\000a\000n\000t\000i\000t\000a\000t\000i\000v\000e\000s\000\040\000d\000u\000\040\000b\000l\000o\000c\000\040\000m\000\351\000n\000a\000g\000e}{subsubsection.4.0.1}% 26
\BOOKMARK [3][-]{subsubsection.4.0.8}{\376\377\000A\000C\000M\000\040\000s\000u\000r\000\040\000l\000e\000s\000\040\000v\000a\000r\000i\000a\000b\000l\000e\000s\000\040\000q\000u\000a\000l\000i\000t\000a\000t\000i\000v\000e\000s\000\040\000d\000u\000\040\000b\000l\000o\000c\000\040\000m\000\351\000n\000a\000g\000e}{subsubsection.4.0.1}% 27
\BOOKMARK [3][-]{subsubsection.4.0.9}{\376\377\000A\000F\000M\000\040\000s\000u\000r\000\040\000l\000e\000s\000\040\000v\000a\000r\000i\000a\000b\000l\000e\000\040\000d\000u\000\040\000b\000l\000o\000c\000\040\000h\000a\000b\000i\000t\000u\000d\000e}{subsubsection.4.0.1}% 28
